<?xml version="1.0" encoding="UTF-8"?><testsuite errors="1" failures="1" name="com.studentapp.junit.studentsIdInfo.FirstSerenityIdTest" skipped="4" tests="7" time="7.89" timestamp="2019-07-17 05:41:49"><testcase classname="com.studentapp.junit.studentsIdInfo.FirstSerenityIdTest" name="This is a failing test"><failure message="1 expectation failed.&#10;Expected status code &lt;500&gt; but was &lt;200&gt;.&#10;" type="java.lang.AssertionError">1 expectation failed.
Expected status code &lt;500&gt; but was &lt;200&gt;.
</failure><system-err>1 expectation failed.
Expected status code &lt;500&gt; but was &lt;200&gt;.
&#13;
io.restassured.internal.ResponseSpecificationImpl.validateResponseIfRequired(ResponseSpecificationImpl.groovy:643)&#13;
io.restassured.internal.ResponseSpecificationImpl.statusCode(ResponseSpecificationImpl.groovy:122)&#13;
io.restassured.internal.ResponseSpecificationImpl.statusCode(ResponseSpecificationImpl.groovy:130)&#13;
io.restassured.internal.ValidatableResponseOptionsImpl.statusCode(ValidatableResponseOptionsImpl.java:117)&#13;
com.studentapp.junit.studentsIdInfo.FirstSerenityIdTest.thisIsAFailingTest(FirstSerenityIdTest.java:47)&#13;
</system-err></testcase><testcase classname="com.studentapp.junit.studentsIdInfo.FirstSerenityIdTest" name="This is a skipped test"><skipped/></testcase><testcase classname="com.studentapp.junit.studentsIdInfo.FirstSerenityIdTest" name="This is a manual test"><skipped/></testcase><testcase classname="com.studentapp.junit.studentsIdInfo.FirstSerenityIdTest" name="This is a pending test"><skipped/></testcase><testcase classname="com.studentapp.junit.studentsIdInfo.FirstSerenityIdTest" name="This is a test with error"><error message="/ by zero" type="java.lang.ArithmeticException">/ by zero</error><system-err>/ by zero&#13;
com.studentapp.junit.studentsIdInfo.FirstSerenityIdTest.thisIsATestWithError(FirstSerenityIdTest.java:77)&#13;
</system-err></testcase><testcase classname="com.studentapp.junit.studentsIdInfo.FirstSerenityIdTest" name="Get all students"/><testcase classname="com.studentapp.junit.studentsIdInfo.FirstSerenityIdTest" name="File does not exists"><compromised message="E:\file.txt (The system cannot find the path specified)" type="java.io.FileNotFoundException">E:\file.txt (The system cannot find the path specified)</compromised><system-err>E:\file.txt (The system cannot find the path specified)&#13;
com.studentapp.junit.studentsIdInfo.FirstSerenityIdTest.FileDoesNotExists(FirstSerenityIdTest.java:83)&#13;
</system-err></testcase></testsuite>